[debug] [2021-09-06T12:45:43.041Z] ----------------------------------------------------------------------
[debug] [2021-09-06T12:45:43.043Z] Command:       /usr/local/bin/node /usr/local/bin/firebase init
[debug] [2021-09-06T12:45:43.043Z] CLI Version:   9.0.0
[debug] [2021-09-06T12:45:43.044Z] Platform:      darwin
[debug] [2021-09-06T12:45:43.044Z] Node Version:  v14.17.5
[debug] [2021-09-06T12:45:43.044Z] Time:          Mon Sep 06 2021 20:45:43 GMT+0800 (Singapore Standard Time)
[debug] [2021-09-06T12:45:43.044Z] ----------------------------------------------------------------------
[debug] [2021-09-06T12:45:43.044Z] 
[debug] [2021-09-06T12:45:43.046Z] >>> [apiv2][query] GET https://firebase-public.firebaseio.com/cli.json [none]
[debug] [2021-09-06T12:45:43.065Z] > command requires scopes: ["email","openid","https://www.googleapis.com/auth/cloudplatformprojects.readonly","https://www.googleapis.com/auth/firebase","https://www.googleapis.com/auth/cloud-platform"]
[debug] [2021-09-06T12:45:43.066Z] > authorizing via signed-in user
[info] 
     ######## #### ########  ######## ########     ###     ######  ########
     ##        ##  ##     ## ##       ##     ##  ##   ##  ##       ##
     ######    ##  ########  ######   ########  #########  ######  ######
     ##        ##  ##    ##  ##       ##     ## ##     ##       ## ##
     ##       #### ##     ## ######## ########  ##     ##  ######  ########

You're about to initialize a Firebase project in this directory:

  /Users/ming/Desktop/sensetime

[debug] [2021-09-06T12:45:43.698Z] <<< [apiv2][status] GET https://firebase-public.firebaseio.com/cli.json 200
[debug] [2021-09-06T12:45:43.699Z] <<< [apiv2][body] GET https://firebase-public.firebaseio.com/cli.json {"cloudBuildErrorAfter":1594252800000,"cloudBuildWarnAfter":1590019200000,"defaultNode10After":1594252800000,"minVersion":"3.0.5","node8DeploysDisabledAfter":1613390400000,"node8RuntimeDisabledAfter":1615809600000,"node8WarnAfter":1600128000000}
[debug] [2021-09-06T13:43:21.472Z] TypeError: Cannot read property 'setRawMode' of null
    at ReadStream.setRawMode (tty.js:76:28)
    at Interface._setRawMode (readline.js:325:16)
    at Interface.close (readline.js:448:10)
    at ReadStream.ontermend (readline.js:231:10)
    at ReadStream.emit (events.js:412:35)
    at ReadStream.emit (domain.js:470:12)
    at endReadableNT (internal/streams/readable.js:1317:12)
    at processTicksAndRejections (internal/process/task_queues.js:82:21)
[error] 
[error] Error: An unexpected error has occurred.
[debug] [2021-09-06T13:43:21.476Z] Error: write EIO
    at afterWriteDispatched (internal/stream_base_commons.js:156:25)
    at writeGeneric (internal/stream_base_commons.js:147:3)
    at WriteStream.Socket._writeGeneric (net.js:787:11)
    at WriteStream.Socket._write (net.js:799:8)
    at writeOrBuffer (internal/streams/writable.js:358:12)
    at WriteStream.Writable.write (internal/streams/writable.js:303:10)
    at Console.log (/usr/local/lib/node_modules/firebase-tools/node_modules/winston/lib/winston/transports/console.js:79:23)
    at Console._write (/usr/local/lib/node_modules/firebase-tools/node_modules/winston-transport/index.js:103:17)
    at doWrite (/usr/local/lib/node_modules/firebase-tools/node_modules/winston-transport/node_modules/readable-stream/lib/_stream_writable.js:428:64)
    at writeOrBuffer (/usr/local/lib/node_modules/firebase-tools/node_modules/winston-transport/node_modules/readable-stream/lib/_stream_writable.js:417:5)
    at Console.Writable.write (/usr/local/lib/node_modules/firebase-tools/node_modules/winston-transport/node_modules/readable-stream/lib/_stream_writable.js:334:11)
    at DerivedLogger.ondata (/usr/local/lib/node_modules/firebase-tools/node_modules/readable-stream/lib/_stream_readable.js:681:20)
    at DerivedLogger.emit (events.js:412:35)
    at DerivedLogger.emit (domain.js:470:12)
    at addChunk (/usr/local/lib/node_modules/firebase-tools/node_modules/readable-stream/lib/_stream_readable.js:298:12)
    at readableAddChunk (/usr/local/lib/node_modules/firebase-tools/node_modules/readable-stream/lib/_stream_readable.js:280:11)
[error] 
[error] Error: An unexpected error has occurred.
